<?xml version="1.0" encoding="UTF-8"?>
<!-- Generated by org.testng.reporters.JUnitReportReporter -->
<testsuite skipped="0" hostname="DESKTOP-OE4GHP3" name="com.upgrade.UpgradeAPITesting.tests.VerifyMinAgeTest" tests="4" failures="0" timestamp="05 Feb 2019 22:18:21 GMT" time="1.409" errors="0">
  <testcase name="getStatesList" time="1.339" classname="com.upgrade.UpgradeAPITesting.tests.VerifyMinAgeTest"/>
  <testcase name="checkStatusCode" time="0.000" classname="com.upgrade.UpgradeAPITesting.tests.VerifyMinAgeTest"/>
  <testcase name="checkSchema" time="0.034" classname="com.upgrade.UpgradeAPITesting.tests.VerifyMinAgeTest"/>
  <testcase name="checkMinAge" time="0.036" classname="com.upgrade.UpgradeAPITesting.tests.VerifyMinAgeTest"/>
</testsuite> <!-- com.upgrade.UpgradeAPITesting.tests.VerifyMinAgeTest -->
