<?xml version="1.0" encoding="UTF-8"?>
<!-- Generated by org.testng.reporters.JUnitReportReporter -->
<testsuite skipped="0" hostname="DESKTOP-OE4GHP3" name="com.upgrade.UpgradeAPITesting.tests.VerifyMinLoanTest" tests="4" failures="0" timestamp="05 Feb 2019 22:18:21 GMT" time="1.394" errors="0">
  <testcase name="getStatesList" time="1.347" classname="com.upgrade.UpgradeAPITesting.tests.VerifyMinLoanTest"/>
  <testcase name="checkStatusCode" time="0.000" classname="com.upgrade.UpgradeAPITesting.tests.VerifyMinLoanTest"/>
  <testcase name="checkSchema" time="0.031" classname="com.upgrade.UpgradeAPITesting.tests.VerifyMinLoanTest"/>
  <testcase name="checkMinLoan" time="0.016" classname="com.upgrade.UpgradeAPITesting.tests.VerifyMinLoanTest"/>
</testsuite> <!-- com.upgrade.UpgradeAPITesting.tests.VerifyMinLoanTest -->
